<?xml version="1.0" encoding="UTF-8"?>
<!-- Generated by org.testng.reporters.JUnitReportReporter -->
<testsuite skipped="2" hostname="HYD-REPALAN-L" name="com.testcases.DockerLogin" tests="4" failures="0" timestamp="18 Feb 2019 10:58:47 GMT" time="51.229" errors="0">
  <testcase name="RemoteLogin" time="28.061" classname="com.testcases.DockerLogin"/>
  <testcase name="RemoteLogin" time="23.168" classname="com.testcases.DockerLogin"/>
  <testcase name="login" classname="com.testcases.DockerLogin">
    <skipped/>
  </testcase> <!-- login -->
  <testcase name="login" classname="com.testcases.DockerLogin">
    <skipped/>
  </testcase> <!-- login -->
</testsuite> <!-- com.testcases.DockerLogin -->
