<?xml version="1.0" encoding="UTF-8"?>
<!-- Generated by org.testng.reporters.JUnitReportReporter -->
<testsuite skipped="2" hostname="HYD-DOMALARA-L" name="DockerDemo1.DeockerLogin" tests="4" failures="0" timestamp="08 Feb 2019 13:02:49 GMT" time="66.100" errors="0">
  <testcase name="RemoteLogin" time="30.627" classname="DockerDemo1.DeockerLogin"/>
  <testcase name="RemoteLogin" time="35.473" classname="DockerDemo1.DeockerLogin"/>
  <testcase name="login" classname="DockerDemo1.DeockerLogin">
    <skipped/>
  </testcase> <!-- login -->
  <testcase name="login" classname="DockerDemo1.DeockerLogin">
    <skipped/>
  </testcase> <!-- login -->
</testsuite> <!-- DockerDemo1.DeockerLogin -->
